<?xml version="1.0" encoding="UTF-8"?>
<testsuite name="FlightRoomTest" tests="1" skipped="0" failures="0" errors="0" timestamp="2019-04-05T15:16:07" hostname="Pixie.local" time="0.001">
  <properties/>
  <testcase name="canGetBadguy" classname="FlightRoomTest" time="0.001"/>
  <system-out><![CDATA[]]></system-out>
  <system-err><![CDATA[]]></system-err>
</testsuite>
