<?xml version="1.0" encoding="UTF-8"?>
<testsuite name="Warrior_TypeTest" tests="4" skipped="0" failures="0" errors="0" timestamp="2019-04-06T21:29:56" hostname="Pixie.local" time="0.002">
  <properties/>
  <testcase name="canAttack" classname="Warrior_TypeTest" time="0.001"/>
  <testcase name="changeCharacterTest" classname="Warrior_TypeTest" time="0.0"/>
  <testcase name="canCharacter" classname="Warrior_TypeTest" time="0.0"/>
  <testcase name="changeWeaponTest" classname="Warrior_TypeTest" time="0.0"/>
  <system-out><![CDATA[]]></system-out>
  <system-err><![CDATA[]]></system-err>
</testsuite>
